<?xml version="1.0" encoding="UTF-8"?>
<!-- Generated by org.testng.reporters.JUnitReportReporter -->
<testsuite hostname="LAPTOP-POCDIJHR" failures="0" tests="1" name="TestCasesLogin.TestcaseForLogin" time="6.703" errors="0" timestamp="2022-12-09T14:16:05 IST" skipped="0">
  <testcase classname="TestCasesLogin.TestcaseForLogin" name="Login" time="6.703"/>
  <system-out/>
</testsuite> <!-- TestCasesLogin.TestcaseForLogin -->
