<?xml version="1.0" encoding="UTF-8"?>
<!-- Generated by org.testng.reporters.JUnitReportReporter -->
<testsuite hostname="LAPTOP-POCDIJHR" failures="0" tests="1" name="TestCasesLogin.TestcasesforNewCustomer" time="23.274" errors="0" timestamp="2022-12-13T13:20:37 IST" skipped="0">
  <testcase classname="TestCasesLogin.TestcasesforNewCustomer" name="customer" time="23.274"/>
  <system-out/>
</testsuite> <!-- TestCasesLogin.TestcasesforNewCustomer -->
